Looking for git in: git
Using git 2.17.1 from git
> git rev-parse --git-dir
Open repository: /home/testweb/webhack2/board
> git status -z -u
> git symbolic-ref --short HEAD
> git for-each-ref --format=%(refname)%00%(upstream:short)%00%(upstream:track)%00%(objectname) refs/heads/master refs/remotes/master
> git for-each-ref --sort -committerdate --format %(refname) %(objectname) %(*objectname)
> git remote --verbose
Warning: Failed to watch ref '/home/testweb/webhack2/board/.git/refs/remotes/origin/master', is most likely packed.
> git config --get commit.template
> git check-ignore -v -z --stdin
> git check-ignore -v -z --stdin
> git check-ignore -v -z --stdin
> git check-ignore -v -z --stdin
> git show --textconv :views/home/welcome.ejs
> git ls-files --stage -- /home/testweb/webhack2/board/views/home/welcome.ejs
> git cat-file -s 708cd1f86e5b06502b461a03138b4d733d762581
> git status -z -u
> git symbolic-ref --short HEAD
> git for-each-ref --format=%(refname)%00%(upstream:short)%00%(upstream:track)%00%(objectname) refs/heads/master refs/remotes/master
> git for-each-ref --sort -committerdate --format %(refname) %(objectname) %(*objectname)
> git remote --verbose
Warning: Failed to watch ref '/home/testweb/webhack2/board/.git/refs/remotes/origin/master', is most likely packed.
> git config --get commit.template
